app/build/intermediates/manifest_merge_blame_file/debug/manifest-merger-blame-debug-report.txt
1<?xml version="1.0" encoding="utf-8"?>
2<manifest xmlns:android="http://schemas.android.com/apk/res/android"
3    package="com.trimax.vts.mobile"
4    android:versionCode="61"
5    android:versionName="2.2.0" >
6
7    <uses-sdk
8        android:minSdkVersion="21"
8-->src/main/AndroidManifest.xml
9        android:targetSdkVersion="29" />
9-->src/main/AndroidManifest.xml
10
11    <uses-permission android:name="android.permission.ACCESS_FINE_LOCATION" />
11-->src/main/AndroidManifest.xml:6:5-79
11-->src/main/AndroidManifest.xml:6:22-76
12    <uses-permission android:name="android.permission.DISABLE_KEYGUARD" />
12-->src/main/AndroidManifest.xml:7:5-75
12-->src/main/AndroidManifest.xml:7:22-72
13    <uses-permission android:name="android.permission.INTERNET" />
13-->src/main/AndroidManifest.xml:8:5-67
13-->src/main/AndroidManifest.xml:8:22-64
14    <uses-permission android:name="android.permission.FOREGROUND_SERVICE" />
14-->src/main/AndroidManifest.xml:9:5-77
14-->src/main/AndroidManifest.xml:9:22-74
15    <uses-permission
15-->src/main/AndroidManifest.xml:10:5-12:35
16        android:name="android.permission.READ_PHONE_STATE"
16-->src/main/AndroidManifest.xml:11:9-59
17        android:required="true" /> <!-- Required if your app targets Android 10 (API level 29) or higher -->
17-->src/main/AndroidManifest.xml:12:9-32
18    <uses-permission
18-->src/main/AndroidManifest.xml:13:5-15:36
19        android:name="android.permission.ACCESS_NETWORK_STATE"
19-->src/main/AndroidManifest.xml:14:9-63
20        android:required="false" />
20-->src/main/AndroidManifest.xml:15:9-33
21    <uses-permission android:name="android.permission.ACCESS_BACKGROUND_LOCATION" />
21-->src/main/AndroidManifest.xml:16:5-85
21-->src/main/AndroidManifest.xml:16:22-82
22    <uses-permission android:name="android.permission.WRITE_EXTERNAL_STORAGE" /> <!-- <uses-permission android:name="android.permission.ACCESS_MOCK_LOCATION" /> -->
22-->src/main/AndroidManifest.xml:17:5-81
22-->src/main/AndroidManifest.xml:17:22-78
23    <uses-permission android:name="com.google.android.providers.gsf.permission.READ_GSERVICES" /> <!-- <uses-permission android:name="android.permission.CAMERA" /> -->
23-->src/main/AndroidManifest.xml:18:5-98
23-->src/main/AndroidManifest.xml:18:22-95
24    <uses-permission android:name="android.permission.ACCESS_COARSE_LOCATION" />
24-->src/main/AndroidManifest.xml:19:5-81
24-->src/main/AndroidManifest.xml:19:22-78
25    <uses-permission
25-->src/main/AndroidManifest.xml:20:5-22:36
26        android:name="android.permission.VIBRATE"
26-->src/main/AndroidManifest.xml:21:9-50
27        android:required="false" />
27-->src/main/AndroidManifest.xml:22:9-33
28    <uses-permission android:name="android.permission.ACCESS_WIFI_STATE" /> <!-- android:icon="@drawable/arrow_back" -->
28-->src/main/AndroidManifest.xml:23:5-76
28-->src/main/AndroidManifest.xml:23:22-73
29    <uses-permission android:name="android.permission.RECEIVE_BOOT_COMPLETED" /> <!-- <uses-permission android:name="android.permission.GET_ACCOUNTS" /> -->
29-->src/main/AndroidManifest.xml:24:5-81
29-->src/main/AndroidManifest.xml:24:22-78
30    <uses-permission android:name="android.permission.SYSTEM_ALERT_WINDOW" />
30-->src/main/AndroidManifest.xml:25:5-78
30-->src/main/AndroidManifest.xml:25:22-75
31    <uses-permission
31-->src/main/AndroidManifest.xml:26:5-28:35
32        android:name="android.permission.READ_EXTERNAL_STORAGE"
32-->src/main/AndroidManifest.xml:27:9-64
33        android:required="true" />
33-->src/main/AndroidManifest.xml:28:9-32
34    <uses-permission android:name="android.permission.WAKE_LOCK" />
34-->src/main/AndroidManifest.xml:29:5-68
34-->src/main/AndroidManifest.xml:29:22-65
35    <uses-permission android:name="android.permission.CALL_PHONE" />
35-->src/main/AndroidManifest.xml:30:5-69
35-->src/main/AndroidManifest.xml:30:22-66
36
37    <!-- Create a unique permission for your app and use it so only your app can receive your OneSignal messages. -->
38    <permission
38-->[com.onesignal:OneSignal:3.12.3] AndroidManifest.xml:7:5-9:47
39        android:name="com.trimax.vts.mobile.permission.C2D_MESSAGE"
39-->[com.onesignal:OneSignal:3.12.3] AndroidManifest.xml:8:9-63
40        android:protectionLevel="signature" />
40-->[com.onesignal:OneSignal:3.12.3] AndroidManifest.xml:9:9-44
41
42    <uses-permission android:name="com.trimax.vts.mobile.permission.C2D_MESSAGE" />
42-->[com.onesignal:OneSignal:3.12.3] AndroidManifest.xml:11:5-79
42-->[com.onesignal:OneSignal:3.12.3] AndroidManifest.xml:11:22-76
43    <uses-permission android:name="com.google.android.c2dm.permission.RECEIVE" /> <!-- START: ShortcutBadger -->
43-->[com.onesignal:OneSignal:3.12.3] AndroidManifest.xml:17:5-82
43-->[com.onesignal:OneSignal:3.12.3] AndroidManifest.xml:17:22-79
44    <!-- Samsung -->
45    <uses-permission android:name="com.sec.android.provider.badge.permission.READ" />
45-->[com.onesignal:OneSignal:3.12.3] AndroidManifest.xml:31:5-86
45-->[com.onesignal:OneSignal:3.12.3] AndroidManifest.xml:31:22-83
46    <uses-permission android:name="com.sec.android.provider.badge.permission.WRITE" /> <!-- HTC -->
46-->[com.onesignal:OneSignal:3.12.3] AndroidManifest.xml:32:5-87
46-->[com.onesignal:OneSignal:3.12.3] AndroidManifest.xml:32:22-84
47    <uses-permission android:name="com.htc.launcher.permission.READ_SETTINGS" />
47-->[com.onesignal:OneSignal:3.12.3] AndroidManifest.xml:33:5-81
47-->[com.onesignal:OneSignal:3.12.3] AndroidManifest.xml:33:22-78
48    <uses-permission android:name="com.htc.launcher.permission.UPDATE_SHORTCUT" /> <!-- Sony -->
48-->[com.onesignal:OneSignal:3.12.3] AndroidManifest.xml:34:5-83
48-->[com.onesignal:OneSignal:3.12.3] AndroidManifest.xml:34:22-80
49    <uses-permission android:name="com.sonyericsson.home.permission.BROADCAST_BADGE" />
49-->[com.onesignal:OneSignal:3.12.3] AndroidManifest.xml:35:5-88
49-->[com.onesignal:OneSignal:3.12.3] AndroidManifest.xml:35:22-85
50    <uses-permission android:name="com.sonymobile.home.permission.PROVIDER_INSERT_BADGE" /> <!-- Apex -->
50-->[com.onesignal:OneSignal:3.12.3] AndroidManifest.xml:36:5-92
50-->[com.onesignal:OneSignal:3.12.3] AndroidManifest.xml:36:22-89
51    <uses-permission android:name="com.anddoes.launcher.permission.UPDATE_COUNT" /> <!-- Solid -->
51-->[com.onesignal:OneSignal:3.12.3] AndroidManifest.xml:37:5-84
51-->[com.onesignal:OneSignal:3.12.3] AndroidManifest.xml:37:22-81
52    <uses-permission android:name="com.majeur.launcher.permission.UPDATE_BADGE" /> <!-- Huawei -->
52-->[com.onesignal:OneSignal:3.12.3] AndroidManifest.xml:38:5-83
52-->[com.onesignal:OneSignal:3.12.3] AndroidManifest.xml:38:22-80
53    <uses-permission android:name="com.huawei.android.launcher.permission.CHANGE_BADGE" />
53-->[com.onesignal:OneSignal:3.12.3] AndroidManifest.xml:39:5-91
53-->[com.onesignal:OneSignal:3.12.3] AndroidManifest.xml:39:22-88
54    <uses-permission android:name="com.huawei.android.launcher.permission.READ_SETTINGS" />
54-->[com.onesignal:OneSignal:3.12.3] AndroidManifest.xml:40:5-92
54-->[com.onesignal:OneSignal:3.12.3] AndroidManifest.xml:40:22-89
55    <uses-permission android:name="com.huawei.android.launcher.permission.WRITE_SETTINGS" /> <!-- ZUK -->
55-->[com.onesignal:OneSignal:3.12.3] AndroidManifest.xml:41:5-93
55-->[com.onesignal:OneSignal:3.12.3] AndroidManifest.xml:41:22-90
56    <uses-permission android:name="android.permission.READ_APP_BADGE" /> <!-- OPPO -->
56-->[com.onesignal:OneSignal:3.12.3] AndroidManifest.xml:42:5-73
56-->[com.onesignal:OneSignal:3.12.3] AndroidManifest.xml:42:22-70
57    <uses-permission android:name="com.oppo.launcher.permission.READ_SETTINGS" />
57-->[com.onesignal:OneSignal:3.12.3] AndroidManifest.xml:43:5-82
57-->[com.onesignal:OneSignal:3.12.3] AndroidManifest.xml:43:22-79
58    <uses-permission android:name="com.oppo.launcher.permission.WRITE_SETTINGS" /> <!-- EvMe -->
58-->[com.onesignal:OneSignal:3.12.3] AndroidManifest.xml:44:5-83
58-->[com.onesignal:OneSignal:3.12.3] AndroidManifest.xml:44:22-80
59    <uses-permission android:name="me.everything.badger.permission.BADGE_COUNT_READ" />
59-->[com.onesignal:OneSignal:3.12.3] AndroidManifest.xml:45:5-88
59-->[com.onesignal:OneSignal:3.12.3] AndroidManifest.xml:45:22-85
60    <uses-permission android:name="me.everything.badger.permission.BADGE_COUNT_WRITE" />
60-->[com.onesignal:OneSignal:3.12.3] AndroidManifest.xml:46:5-89
60-->[com.onesignal:OneSignal:3.12.3] AndroidManifest.xml:46:22-86
61
62    <uses-feature
62-->[com.google.android.gms:play-services-maps:17.0.0] AndroidManifest.xml:26:5-28:35
63        android:glEsVersion="0x00020000"
63-->[com.google.android.gms:play-services-maps:17.0.0] AndroidManifest.xml:27:9-41
64        android:required="true" />
64-->[com.google.android.gms:play-services-maps:17.0.0] AndroidManifest.xml:28:9-32
65
66    <uses-permission android:name="com.google.android.finsky.permission.BIND_GET_INSTALL_REFERRER_SERVICE" />
66-->[com.google.android.gms:play-services-measurement:17.3.0] AndroidManifest.xml:26:5-110
66-->[com.google.android.gms:play-services-measurement:17.3.0] AndroidManifest.xml:26:22-107
67
68    <application
68-->src/main/AndroidManifest.xml:32:5-371:19
69        android:name="com.trimax.vts.ApplicationM"
69-->src/main/AndroidManifest.xml:33:9-51
70        android:allowBackup="false"
70-->src/main/AndroidManifest.xml:34:9-36
71        android:appComponentFactory="androidx.core.app.CoreComponentFactory"
71-->[androidx.core:core:1.1.0] AndroidManifest.xml:24:18-86
72        android:debuggable="true"
73        android:fullBackupContent="false"
73-->src/main/AndroidManifest.xml:35:9-42
74        android:icon="@mipmap/ic_launcher"
74-->src/main/AndroidManifest.xml:40:9-43
75        android:label="TravelPulse"
75-->src/main/AndroidManifest.xml:36:9-36
76        android:largeHeap="true"
76-->src/main/AndroidManifest.xml:37:9-33
77        android:multiArch="true"
77-->src/main/AndroidManifest.xml:38:9-33
78        android:networkSecurityConfig="@xml/network_security_config"
78-->src/main/AndroidManifest.xml:39:9-69
79        android:roundIcon="@mipmap/ic_launcher_round"
79-->src/main/AndroidManifest.xml:41:9-54
80        android:supportsRtl="true"
80-->src/main/AndroidManifest.xml:42:9-35
81        android:testOnly="true"
82        android:theme="@style/nav_bar_theme"
82-->src/main/AndroidManifest.xml:43:9-45
83        android:usesCleartextTraffic="true" >
83-->src/main/AndroidManifest.xml:44:9-44
84        <activity android:name="com.trimax.vts.vehicle_lock.VehicleLockActivity" >
84-->src/main/AndroidManifest.xml:46:9-51:20
84-->src/main/AndroidManifest.xml:46:19-81
85
86            <!--
87            <intent-filter>
88                <action android:name="android.intent.action.MAIN" />
89                <category android:name="android.intent.category.LAUNCHER" />
90            </intent-filter>
91            -->
92        </activity>
93        <!-- Here map android starter -->
94        <meta-data
94-->src/main/AndroidManifest.xml:53:9-55:52
95            android:name="com.here.android.maps.appid"
95-->src/main/AndroidManifest.xml:54:13-55
96            android:value="vM5rEKdEPUxeR5HX23ji" />
96-->src/main/AndroidManifest.xml:55:13-49
97        <meta-data
97-->src/main/AndroidManifest.xml:56:9-58:54
98            android:name="com.here.android.maps.apptoken"
98-->src/main/AndroidManifest.xml:57:13-58
99            android:value="_bAhJAeJNvrtgA8KGPBE2A" /> <!-- Here map android lite -->
99-->src/main/AndroidManifest.xml:58:13-51
100        <!--
101<meta-data android:name="com.here.sdk.access_key_id" android:value="DTgP1uXOLM_AefnsSiO75Q" />
102        <meta-data android:name="com.here.sdk.access_key_secret" android:value="2IN_J3r76g2ZbWEdzXRl0EyK3jMsh2EAmkoLeZAYIkXWeegHdeg7v5ZVfIHYr2TDtl5ftVMgSWVHI-wIRPM8fg" />
103        -->
104        <activity
104-->src/main/AndroidManifest.xml:63:9-73:20
105            android:name="com.trimax.vts.view.about.SplashscreenActivity"
105-->src/main/AndroidManifest.xml:64:13-55
106            android:hardwareAccelerated="false"
106-->src/main/AndroidManifest.xml:65:13-48
107            android:label="TravelPulse"
107-->src/main/AndroidManifest.xml:66:13-40
108            android:screenOrientation="portrait"
108-->src/main/AndroidManifest.xml:67:13-49
109            android:theme="@style/SplashScreen" >
109-->src/main/AndroidManifest.xml:68:13-48
110            <intent-filter>
110-->src/main/AndroidManifest.xml:69:13-72:29
111                <action android:name="android.intent.action.MAIN" />
111-->src/main/AndroidManifest.xml:70:17-69
111-->src/main/AndroidManifest.xml:70:25-66
112
113                <category android:name="android.intent.category.LAUNCHER" />
113-->src/main/AndroidManifest.xml:71:17-77
113-->src/main/AndroidManifest.xml:71:27-74
114            </intent-filter>
115        </activity>
116        <activity
116-->src/main/AndroidManifest.xml:74:9-77:56
117            android:name="com.trimax.vts.view.complaints.CommentActivity"
117-->src/main/AndroidManifest.xml:75:13-55
118            android:screenOrientation="portrait"
118-->src/main/AndroidManifest.xml:76:13-49
119            android:theme="@style/MaterialActionBar" />
119-->src/main/AndroidManifest.xml:77:13-53
120        <activity
120-->src/main/AndroidManifest.xml:78:9-80:52
121            android:name="com.trimax.vts.view.reports.ReportAlertActivity"
121-->src/main/AndroidManifest.xml:79:13-56
122            android:screenOrientation="portrait" />
122-->src/main/AndroidManifest.xml:80:13-49
123        <activity
123-->src/main/AndroidManifest.xml:81:9-84:56
124            android:name="com.trimax.vts.view.reports.ReportsActivity"
124-->src/main/AndroidManifest.xml:82:13-52
125            android:screenOrientation="portrait"
125-->src/main/AndroidManifest.xml:83:13-49
126            android:theme="@style/MaterialActionBar" />
126-->src/main/AndroidManifest.xml:84:13-53
127        <activity
127-->src/main/AndroidManifest.xml:85:9-88:56
128            android:name="com.trimax.vts.view.reports.ReportDetailsActivity"
128-->src/main/AndroidManifest.xml:86:13-58
129            android:screenOrientation="portrait"
129-->src/main/AndroidManifest.xml:87:13-49
130            android:theme="@style/MaterialActionBar" />
130-->src/main/AndroidManifest.xml:88:13-53
131        <activity android:name="com.trimax.vts.view.faq.FaqActivity" />
131-->src/main/AndroidManifest.xml:89:9-53
131-->src/main/AndroidManifest.xml:89:19-50
132        <activity
132-->src/main/AndroidManifest.xml:90:9-92:56
133            android:name="com.trimax.vts.view.complaints.AddQueryActivity"
133-->src/main/AndroidManifest.xml:91:13-56
134            android:theme="@style/MaterialActionBar" />
134-->src/main/AndroidManifest.xml:92:13-53
135        <activity
135-->src/main/AndroidManifest.xml:93:9-96:56
136            android:name="com.trimax.vts.view.complaints.CustomerQueriesActivity"
136-->src/main/AndroidManifest.xml:94:13-63
137            android:screenOrientation="portrait"
137-->src/main/AndroidManifest.xml:95:13-49
138            android:theme="@style/MaterialActionBar" />
138-->src/main/AndroidManifest.xml:96:13-53
139        <activity
139-->src/main/AndroidManifest.xml:97:9-99:49
140            android:name="com.trimax.vts.view.users.AddUserActivity"
140-->src/main/AndroidManifest.xml:98:13-50
141            android:theme="@style/LoginTheme" />
141-->src/main/AndroidManifest.xml:99:13-46
142        <activity
142-->src/main/AndroidManifest.xml:100:9-102:49
143            android:name="com.trimax.vts.view.users.UserListActivity"
143-->src/main/AndroidManifest.xml:101:13-51
144            android:theme="@style/LoginTheme" />
144-->src/main/AndroidManifest.xml:102:13-46
145        <activity
145-->src/main/AndroidManifest.xml:103:9-105:49
146            android:name="com.trimax.vts.view.LoginActivity"
146-->src/main/AndroidManifest.xml:104:13-42
147            android:theme="@style/LoginTheme" />
147-->src/main/AndroidManifest.xml:105:13-46
148        <activity
148-->src/main/AndroidManifest.xml:106:9-108:56
149            android:name="com.trimax.vts.view.notifications.NotificationSettingActivity"
149-->src/main/AndroidManifest.xml:107:13-70
150            android:theme="@style/MaterialActionBar" />
150-->src/main/AndroidManifest.xml:108:13-53
151        <activity android:name="com.trimax.vts.view.lock.RemoteLockHistoryActivity" />
151-->src/main/AndroidManifest.xml:109:9-68
151-->src/main/AndroidManifest.xml:109:19-65
152        <activity
152-->src/main/AndroidManifest.xml:110:9-112:56
153            android:name="com.trimax.vts.view.maps.AutoCompleteAddressActivity"
153-->src/main/AndroidManifest.xml:111:13-61
154            android:theme="@style/MaterialActionBar" />
154-->src/main/AndroidManifest.xml:112:13-53
155        <activity
155-->src/main/AndroidManifest.xml:113:9-115:56
156            android:name="com.trimax.vts.view.lock.RemoteLockActivity"
156-->src/main/AndroidManifest.xml:114:13-52
157            android:theme="@style/MaterialActionBar" />
157-->src/main/AndroidManifest.xml:115:13-53
158        <activity
158-->src/main/AndroidManifest.xml:116:9-120:67
159            android:name="com.trimax.vts.view.nearby.NearByPlacesActivity"
159-->src/main/AndroidManifest.xml:117:13-56
160            android:label="@string/title_activity_near_by_places"
160-->src/main/AndroidManifest.xml:118:13-66
161            android:theme="@style/EditTextAppTheme"
161-->src/main/AndroidManifest.xml:119:13-52
162            android:windowSoftInputMode="adjustPan|stateHidden" />
162-->src/main/AndroidManifest.xml:120:13-64
163        <activity
163-->src/main/AndroidManifest.xml:121:9-125:58
164            android:name="com.trimax.vts.view.login.LoginActivity"
164-->src/main/AndroidManifest.xml:122:13-48
165            android:screenOrientation="portrait"
165-->src/main/AndroidManifest.xml:123:13-49
166            android:theme="@style/EditTextAppThemeLoginReg"
166-->src/main/AndroidManifest.xml:124:13-60
167            android:windowSoftInputMode="stateVisible" />
167-->src/main/AndroidManifest.xml:125:13-55
168        <activity
168-->src/main/AndroidManifest.xml:126:9-130:55
169            android:name="com.trimax.vts.view.provider.ProviderListActivity"
169-->src/main/AndroidManifest.xml:127:13-58
170            android:configChanges="orientation|screenSize"
170-->src/main/AndroidManifest.xml:128:13-59
171            android:screenOrientation="portrait"
171-->src/main/AndroidManifest.xml:129:13-49
172            android:windowSoftInputMode="adjustPan" />
172-->src/main/AndroidManifest.xml:130:13-52
173        <activity
173-->src/main/AndroidManifest.xml:131:9-137:67
174            android:name="com.trimax.vts.view.dashboard.CustomerDashboardActivity"
174-->src/main/AndroidManifest.xml:132:13-64
175            android:configChanges="orientation|screenSize"
175-->src/main/AndroidManifest.xml:133:13-59
176            android:label="Home"
176-->src/main/AndroidManifest.xml:134:13-33
177            android:screenOrientation="portrait"
177-->src/main/AndroidManifest.xml:135:13-49
178            android:theme="@style/nav_bar_theme_no_actionbar"
178-->src/main/AndroidManifest.xml:136:13-62
179            android:windowSoftInputMode="adjustPan|stateHidden" />
179-->src/main/AndroidManifest.xml:137:13-64
180        <activity
180-->src/main/AndroidManifest.xml:138:9-144:55
181            android:name="com.trimax.vts.view.maps.RealTimeTrackingActivity"
181-->src/main/AndroidManifest.xml:139:13-58
182            android:configChanges="orientation|screenSize"
182-->src/main/AndroidManifest.xml:140:13-59
183            android:label="Real Time Vehicle Tracking"
183-->src/main/AndroidManifest.xml:141:13-55
184            android:screenOrientation="portrait"
184-->src/main/AndroidManifest.xml:142:13-49
185            android:theme="@style/vts_nav_bar_theme"
185-->src/main/AndroidManifest.xml:143:13-53
186            android:windowSoftInputMode="adjustPan" />
186-->src/main/AndroidManifest.xml:144:13-52
187        <activity
187-->src/main/AndroidManifest.xml:145:9-151:55
188            android:name="com.trimax.vts.view.login.UserProfileActivity"
188-->src/main/AndroidManifest.xml:146:13-54
189            android:configChanges="orientation|screenSize"
189-->src/main/AndroidManifest.xml:147:13-59
190            android:label="@string/UserProfile"
190-->src/main/AndroidManifest.xml:148:13-48
191            android:screenOrientation="portrait"
191-->src/main/AndroidManifest.xml:149:13-49
192            android:theme="@style/MaterialActionBar"
192-->src/main/AndroidManifest.xml:150:13-53
193            android:windowSoftInputMode="adjustPan" />
193-->src/main/AndroidManifest.xml:151:13-52
194        <activity
194-->src/main/AndroidManifest.xml:152:9-156:63
195            android:name="com.trimax.vts.view.vehicle.VTSSetVehicalActivity"
195-->src/main/AndroidManifest.xml:153:13-58
196            android:label="@string/title_activity_vtsset_vehical"
196-->src/main/AndroidManifest.xml:154:13-66
197            android:screenOrientation="portrait"
197-->src/main/AndroidManifest.xml:155:13-49
198            android:windowSoftInputMode="stateAlwaysHidden" />
198-->src/main/AndroidManifest.xml:156:13-60
199        <activity
199-->src/main/AndroidManifest.xml:157:9-159:52
200            android:name="com.trimax.vts.view.login.ForgetPasswordActivityNew"
200-->src/main/AndroidManifest.xml:158:13-60
201            android:screenOrientation="portrait" />
201-->src/main/AndroidManifest.xml:159:13-49
202        <activity
202-->src/main/AndroidManifest.xml:160:9-163:52
203            android:name="com.trimax.vts.view.provider.ProviderListLocationActivity"
203-->src/main/AndroidManifest.xml:161:13-66
204            android:label="@string/title_activity_provider_list_location"
204-->src/main/AndroidManifest.xml:162:13-74
205            android:screenOrientation="portrait" />
205-->src/main/AndroidManifest.xml:163:13-49
206        <activity
206-->src/main/AndroidManifest.xml:164:9-168:66
207            android:name="com.trimax.vts.view.provider.ProviderADVSearchActivity"
207-->src/main/AndroidManifest.xml:165:13-63
208            android:label="@string/title_activity_provider_advsearch"
208-->src/main/AndroidManifest.xml:166:13-70
209            android:screenOrientation="portrait"
209-->src/main/AndroidManifest.xml:167:13-49
210            android:theme="@style/EditTextAppThemeTransparent" />
210-->src/main/AndroidManifest.xml:168:13-63
211        <activity
211-->src/main/AndroidManifest.xml:169:9-173:64
212            android:name="com.trimax.vts.view.notifications.NotificationActivity"
212-->src/main/AndroidManifest.xml:170:13-63
213            android:label="@string/Notification"
213-->src/main/AndroidManifest.xml:171:13-49
214            android:screenOrientation="portrait"
214-->src/main/AndroidManifest.xml:172:13-49
215            android:theme="@style/notificationActivityTheme" />
215-->src/main/AndroidManifest.xml:173:13-61
216        <activity
216-->src/main/AndroidManifest.xml:174:9-178:56
217            android:name="com.trimax.vts.view.login.ChangePasswordActivity"
217-->src/main/AndroidManifest.xml:175:13-57
218            android:label="@string/title_activity_ChangePassword"
218-->src/main/AndroidManifest.xml:176:13-66
219            android:screenOrientation="portrait"
219-->src/main/AndroidManifest.xml:177:13-49
220            android:theme="@style/MaterialActionBar" />
220-->src/main/AndroidManifest.xml:178:13-53
221        <activity
221-->src/main/AndroidManifest.xml:179:9-183:55
222            android:name="com.trimax.vts.view.maps.ReplayTrackingActivity"
222-->src/main/AndroidManifest.xml:180:13-56
223            android:label="@string/title_activity_ReplayTracking"
223-->src/main/AndroidManifest.xml:181:13-66
224            android:screenOrientation="portrait"
224-->src/main/AndroidManifest.xml:182:13-49
225            android:windowSoftInputMode="adjustPan" />
225-->src/main/AndroidManifest.xml:183:13-52
226        <activity
226-->src/main/AndroidManifest.xml:184:9-188:55
227            android:name="com.trimax.vts.view.reports.Activity.AlertReportActivity"
227-->src/main/AndroidManifest.xml:185:13-65
228            android:label="@string/title_activity_Alerts_Reports"
228-->src/main/AndroidManifest.xml:186:13-66
229            android:screenOrientation="portrait"
229-->src/main/AndroidManifest.xml:187:13-49
230            android:windowSoftInputMode="adjustPan" />
230-->src/main/AndroidManifest.xml:188:13-52
231        <activity android:name="com.trimax.vts.view.about.AboutUS" />
231-->src/main/AndroidManifest.xml:189:9-51
231-->src/main/AndroidManifest.xml:189:19-48
232        <activity
232-->src/main/AndroidManifest.xml:190:9-193:64
233            android:name="com.trimax.vts.view.master.activity.Activity_Drivers"
233-->src/main/AndroidManifest.xml:191:13-61
234            android:label="@string/titile_drives"
234-->src/main/AndroidManifest.xml:192:13-50
235            android:theme="@style/nav_bar_theme.NoActionBar" />
235-->src/main/AndroidManifest.xml:193:13-61
236        <activity
236-->src/main/AndroidManifest.xml:194:9-198:64
237            android:name="com.trimax.vts.view.master.activity.Activity_FleetSubUsers"
237-->src/main/AndroidManifest.xml:195:13-67
238            android:label="Fleet Sub User"
238-->src/main/AndroidManifest.xml:196:13-43
239            android:screenOrientation="portrait"
239-->src/main/AndroidManifest.xml:197:13-49
240            android:theme="@style/nav_bar_theme.NoActionBar" />
240-->src/main/AndroidManifest.xml:198:13-61
241        <activity
241-->src/main/AndroidManifest.xml:199:9-202:67
242            android:name="com.trimax.vts.view.dashboard.FleetUserDashBoard"
242-->src/main/AndroidManifest.xml:200:13-57
243            android:theme="@style/nav_bar_theme_no_actionbar"
243-->src/main/AndroidManifest.xml:201:13-62
244            android:windowSoftInputMode="adjustPan|stateHidden" />
244-->src/main/AndroidManifest.xml:202:13-64
245        <activity
245-->src/main/AndroidManifest.xml:203:9-205:64
246            android:name="com.trimax.vts.view.vehicle.VehicleStatusActivity"
246-->src/main/AndroidManifest.xml:204:13-58
247            android:theme="@style/nav_bar_theme.NoActionBar" />
247-->src/main/AndroidManifest.xml:205:13-61
248        <activity
248-->src/main/AndroidManifest.xml:206:9-209:53
249            android:name="com.trimax.vts.view.notifications.FilterDynamicNew"
249-->src/main/AndroidManifest.xml:207:13-59
250            android:label="Filter"
250-->src/main/AndroidManifest.xml:208:13-35
251            android:theme="@style/nav_bar_theme2" />
251-->src/main/AndroidManifest.xml:209:13-50
252        <activity
252-->src/main/AndroidManifest.xml:210:9-213:52
253            android:name="com.trimax.vts.view.reports.Activity.VehicleIdleReportActivity"
253-->src/main/AndroidManifest.xml:211:13-71
254            android:label="Vehicle Idle Summary Report"
254-->src/main/AndroidManifest.xml:212:13-56
255            android:screenOrientation="portrait" />
255-->src/main/AndroidManifest.xml:213:13-49
256        <activity
256-->src/main/AndroidManifest.xml:214:9-217:52
257            android:name="com.trimax.vts.view.reports.Activity.VehicleStopReportActivity"
257-->src/main/AndroidManifest.xml:215:13-71
258            android:label="Vehicle Stop Summary Report"
258-->src/main/AndroidManifest.xml:216:13-56
259            android:screenOrientation="portrait" />
259-->src/main/AndroidManifest.xml:217:13-49
260        <activity
260-->src/main/AndroidManifest.xml:218:9-221:52
261            android:name="com.trimax.vts.view.reports.Activity.VehicleRunReportActivity"
261-->src/main/AndroidManifest.xml:219:13-70
262            android:label="Vehicle Run Summary Report"
262-->src/main/AndroidManifest.xml:220:13-55
263            android:screenOrientation="portrait" />
263-->src/main/AndroidManifest.xml:221:13-49
264        <activity
264-->src/main/AndroidManifest.xml:222:9-226:64
265            android:name="com.trimax.vts.view.reports.Activity.CurrentVehicleStatusReportActivityNew"
265-->src/main/AndroidManifest.xml:223:13-83
266            android:label="Current Vehicle Status Report"
266-->src/main/AndroidManifest.xml:224:13-58
267            android:screenOrientation="portrait"
267-->src/main/AndroidManifest.xml:225:13-49
268            android:theme="@style/notificationActivityTheme" />
268-->src/main/AndroidManifest.xml:226:13-61
269        <activity
269-->src/main/AndroidManifest.xml:227:9-230:52
270            android:name="com.trimax.vts.view.reports.Activity.AlertSummaryReportActivityNew"
270-->src/main/AndroidManifest.xml:228:13-75
271            android:label="Alert Summary Report"
271-->src/main/AndroidManifest.xml:229:13-49
272            android:screenOrientation="portrait" />
272-->src/main/AndroidManifest.xml:230:13-49
273        <activity
273-->src/main/AndroidManifest.xml:231:9-234:52
274            android:name="com.trimax.vts.view.reports.Activity.VehicleSummaryReportActivityNew"
274-->src/main/AndroidManifest.xml:232:13-77
275            android:label="Vehicle Summary Report"
275-->src/main/AndroidManifest.xml:233:13-51
276            android:screenOrientation="portrait" />
276-->src/main/AndroidManifest.xml:234:13-49
277        <activity
277-->src/main/AndroidManifest.xml:235:9-239:64
278            android:name="com.trimax.vts.view.master.activity.Activity_Vehicle_Master"
278-->src/main/AndroidManifest.xml:236:13-68
279            android:label="Vehicles"
279-->src/main/AndroidManifest.xml:237:13-37
280            android:screenOrientation="portrait"
280-->src/main/AndroidManifest.xml:238:13-49
281            android:theme="@style/nav_bar_theme.NoActionBar" />
281-->src/main/AndroidManifest.xml:239:13-61
282        <activity
282-->src/main/AndroidManifest.xml:240:9-243:52
283            android:name="com.trimax.vts.view.master.activity.Activity_Vehical_Group"
283-->src/main/AndroidManifest.xml:241:13-67
284            android:label="Vehicles Group"